app/build/intermediates/manifest_merge_blame_file/debug/manifest-merger-blame-debug-report.txt
1<?xml version="1.0" encoding="utf-8"?>
2<manifest xmlns:android="http://schemas.android.com/apk/res/android"
3    package="com.example.mpd_coursework"
4    android:versionCode="1"
5    android:versionName="1.0" >
6
7    <uses-sdk
8        android:minSdkVersion="28"
8-->src\main\AndroidManifest.xml
9        android:targetSdkVersion="29" />
9-->src\main\AndroidManifest.xml
10
11    <uses-permission android:name="android.permission.INTERNET" />
11-->src\main\AndroidManifest.xml:5:5-67
11-->src\main\AndroidManifest.xml:5:22-64
12
13    <!-- Include required permissions for Google Maps API to run. -->
14    <uses-permission android:name="android.permission.ACCESS_NETWORK_STATE" />
14-->[com.google.android.gms:play-services-maps:17.0.0] AndroidManifest.xml:23:5-79
14-->[com.google.android.gms:play-services-maps:17.0.0] AndroidManifest.xml:23:22-76
15
16    <uses-feature
16-->[com.google.android.gms:play-services-maps:17.0.0] AndroidManifest.xml:26:5-28:35
17        android:glEsVersion="0x00020000"
17-->[com.google.android.gms:play-services-maps:17.0.0] AndroidManifest.xml:27:9-41
18        android:required="true" />
18-->[com.google.android.gms:play-services-maps:17.0.0] AndroidManifest.xml:28:9-32
19
20    <application
20-->src\main\AndroidManifest.xml:7:5-29:19
21        android:allowBackup="true"
21-->src\main\AndroidManifest.xml:8:9-35
22        android:appComponentFactory="androidx.core.app.CoreComponentFactory"
22-->[androidx.core:core:1.3.1] AndroidManifest.xml:24:18-86
23        android:debuggable="true"
24        android:extractNativeLibs="false"
25        android:icon="@mipmap/ic_launcher"
25-->src\main\AndroidManifest.xml:9:9-43
26        android:label="@string/app_name"
26-->src\main\AndroidManifest.xml:10:9-41
27        android:roundIcon="@mipmap/ic_launcher_round"
27-->src\main\AndroidManifest.xml:11:9-54
28        android:supportsRtl="true"
28-->src\main\AndroidManifest.xml:12:9-35
29        android:testOnly="true"
30        android:theme="@style/AppTheme"
30-->src\main\AndroidManifest.xml:13:9-40
31        android:usesCleartextTraffic="true" >
31-->src\main\AndroidManifest.xml:14:9-44
32        <meta-data
32-->src\main\AndroidManifest.xml:16:9-18:55
33            android:name="com.google.android.geo.API_KEY"
33-->src\main\AndroidManifest.xml:17:13-58
34            android:value="@string/google_maps_key" />
34-->src\main\AndroidManifest.xml:18:13-52
35
36        <activity android:name="com.example.mpd_coursework.MapView" />
36-->src\main\AndroidManifest.xml:20:9-54
36-->src\main\AndroidManifest.xml:20:19-42
37        <activity android:name="com.example.mpd_coursework.MainActivity" >
37-->src\main\AndroidManifest.xml:21:9-27:20
37-->src\main\AndroidManifest.xml:21:19-47
38            <intent-filter>
38-->src\main\AndroidManifest.xml:22:13-26:29
39                <action android:name="android.intent.action.MAIN" />
39-->src\main\AndroidManifest.xml:23:17-69
39-->src\main\AndroidManifest.xml:23:25-66
40
41                <category android:name="android.intent.category.LAUNCHER" />
41-->src\main\AndroidManifest.xml:25:17-77
41-->src\main\AndroidManifest.xml:25:27-74
42            </intent-filter>
43        </activity>
44        <activity android:name="com.example.mpd_coursework.ItemView" />
44-->src\main\AndroidManifest.xml:28:9-55
44-->src\main\AndroidManifest.xml:28:19-43
45        <!-- Needs to be explicitly declared on P+ -->
46        <uses-library
46-->[com.google.android.gms:play-services-maps:17.0.0] AndroidManifest.xml:33:9-35:40
47            android:name="org.apache.http.legacy"
47-->[com.google.android.gms:play-services-maps:17.0.0] AndroidManifest.xml:34:13-50
48            android:required="false" />
48-->[com.google.android.gms:play-services-maps:17.0.0] AndroidManifest.xml:35:13-37
49
50        <activity
50-->[com.google.android.gms:play-services-base:17.0.0] AndroidManifest.xml:23:9-26:75
51            android:name="com.google.android.gms.common.api.GoogleApiActivity"
51-->[com.google.android.gms:play-services-base:17.0.0] AndroidManifest.xml:24:13-79
52            android:exported="false"
52-->[com.google.android.gms:play-services-base:17.0.0] AndroidManifest.xml:25:13-37
53            android:theme="@android:style/Theme.Translucent.NoTitleBar" />
53-->[com.google.android.gms:play-services-base:17.0.0] AndroidManifest.xml:26:13-72
54
55        <meta-data
55-->[com.google.android.gms:play-services-basement:17.0.0] AndroidManifest.xml:23:9-25:69
56            android:name="com.google.android.gms.version"
56-->[com.google.android.gms:play-services-basement:17.0.0] AndroidManifest.xml:24:13-58
57            android:value="@integer/google_play_services_version" />
57-->[com.google.android.gms:play-services-basement:17.0.0] AndroidManifest.xml:25:13-66
58    </application>
59
60</manifest>